<?xml version="1.0" encoding="UTF-8"?>
<!-- Generated by org.testng.reporters.JUnitReportReporter -->
<testsuite hostname="LAPTOP-ISKHN4MM" name="Execution.Testing" tests="1" failures="0" timestamp="28 Apr 2021 16:41:41 GMT" time="21.801" errors="0">
  <testcase name="method" time="21.801" classname="Execution.Testing"/>
</testsuite> <!-- Execution.Testing -->
