<?xml version="1.0" encoding="UTF-8"?>
<!-- Generated by org.testng.reporters.JUnitReportReporter -->
<testsuite hostname="LAPTOP-ISKHN4MM" name="Execution.Testing" tests="1" failures="0" timestamp="27 Apr 2021 17:31:03 GMT" time="44.697" errors="0">
  <testcase name="method" time="44.697" classname="Execution.Testing"/>
</testsuite> <!-- Execution.Testing -->
